{"C:\\Users\\ACER\\Documents\\Coding\\PPL\\Project-Testing\\Frontend\\app\\confirmation\\page.jsx": {"path":"C:\\Users\\ACER\\Documents\\Coding\\PPL\\Project-Testing\\Frontend\\app\\confirmation\\page.jsx","statementMap":{"0":{"start":{"line":28,"column":17},"end":{"line":28,"column":28}},"1":{"start":{"line":29,"column":23},"end":{"line":29,"column":40}},"2":{"start":{"line":30,"column":20},"end":{"line":30,"column":43}},"3":{"start":{"line":32,"column":38},"end":{"line":32,"column":52}},"4":{"start":{"line":33,"column":32},"end":{"line":33,"column":46}},"5":{"start":{"line":61,"column":2},"end":{"line":93,"column":18}},"6":{"start":{"line":62,"column":28},"end":{"line":85,"column":5}},"7":{"start":{"line":63,"column":6},"end":{"line":84,"column":7}},"8":{"start":{"line":64,"column":8},"end":{"line":64,"column":25}},"9":{"start":{"line":66,"column":25},"end":{"line":68,"column":9}},"10":{"start":{"line":70,"column":8},"end":{"line":72,"column":9}},"11":{"start":{"line":71,"column":10},"end":{"line":71,"column":50}},"12":{"start":{"line":74,"column":21},"end":{"line":74,"column":42}},"13":{"start":{"line":75,"column":8},"end":{"line":75,"column":28}},"14":{"start":{"line":78,"column":8},"end":{"line":81,"column":11}},"15":{"start":{"line":83,"column":8},"end":{"line":83,"column":26}},"16":{"start":{"line":88,"column":18},"end":{"line":90,"column":11}},"17":{"start":{"line":89,"column":6},"end":{"line":89,"column":24}},"18":{"start":{"line":92,"column":4},"end":{"line":92,"column":37}},"19":{"start":{"line":92,"column":17},"end":{"line":92,"column":36}},"20":{"start":{"line":95,"column":26},"end":{"line":97,"column":3}},"21":{"start":{"line":96,"column":4},"end":{"line":96,"column":21}},"22":{"start":{"line":99,"column":22},"end":{"line":106,"column":3}},"23":{"start":{"line":100,"column":4},"end":{"line":102,"column":7}},"24":{"start":{"line":103,"column":4},"end":{"line":105,"column":12}},"25":{"start":{"line":104,"column":6},"end":{"line":104,"column":21}},"26":{"start":{"line":108,"column":2},"end":{"line":283,"column":4}},"27":{"start":{"line":150,"column":20},"end":{"line":153,"column":26}}},"fnMap":{"0":{"name":"ConfirmationPage","decl":{"start":{"line":27,"column":24},"end":{"line":27,"column":40}},"loc":{"start":{"line":27,"column":43},"end":{"line":284,"column":1}},"line":27},"1":{"name":"(anonymous_1)","decl":{"start":{"line":61,"column":12},"end":{"line":61,"column":13}},"loc":{"start":{"line":61,"column":18},"end":{"line":93,"column":3}},"line":61},"2":{"name":"(anonymous_2)","decl":{"start":{"line":62,"column":28},"end":{"line":62,"column":29}},"loc":{"start":{"line":62,"column":40},"end":{"line":85,"column":5}},"line":62},"3":{"name":"(anonymous_3)","decl":{"start":{"line":88,"column":29},"end":{"line":88,"column":30}},"loc":{"start":{"line":88,"column":35},"end":{"line":90,"column":5}},"line":88},"4":{"name":"(anonymous_4)","decl":{"start":{"line":92,"column":11},"end":{"line":92,"column":12}},"loc":{"start":{"line":92,"column":17},"end":{"line":92,"column":36}},"line":92},"5":{"name":"(anonymous_5)","decl":{"start":{"line":95,"column":26},"end":{"line":95,"column":27}},"loc":{"start":{"line":95,"column":32},"end":{"line":97,"column":3}},"line":95},"6":{"name":"(anonymous_6)","decl":{"start":{"line":99,"column":22},"end":{"line":99,"column":23}},"loc":{"start":{"line":99,"column":28},"end":{"line":106,"column":3}},"line":99},"7":{"name":"(anonymous_7)","decl":{"start":{"line":103,"column":15},"end":{"line":103,"column":16}},"loc":{"start":{"line":103,"column":21},"end":{"line":105,"column":5}},"line":103},"8":{"name":"(anonymous_8)","decl":{"start":{"line":149,"column":23},"end":{"line":149,"column":24}},"loc":{"start":{"line":150,"column":20},"end":{"line":153,"column":26}},"line":150}},"branchMap":{"0":{"loc":{"start":{"line":70,"column":8},"end":{"line":72,"column":9}},"type":"if","locations":[{"start":{"line":70,"column":8},"end":{"line":72,"column":9}},{"start":{},"end":{}}],"line":70},"1":{"loc":{"start":{"line":112,"column":11},"end":{"line":118,"column":11}},"type":"cond-expr","locations":[{"start":{"line":113,"column":12},"end":{"line":113,"column":67}},{"start":{"line":114,"column":14},"end":{"line":118,"column":11}}],"line":112},"2":{"loc":{"start":{"line":114,"column":14},"end":{"line":118,"column":11}},"type":"cond-expr","locations":[{"start":{"line":115,"column":12},"end":{"line":115,"column":73}},{"start":{"line":117,"column":12},"end":{"line":117,"column":66}}],"line":114},"3":{"loc":{"start":{"line":120,"column":13},"end":{"line":126,"column":13}},"type":"cond-expr","locations":[{"start":{"line":121,"column":14},"end":{"line":121,"column":55}},{"start":{"line":122,"column":16},"end":{"line":126,"column":13}}],"line":120},"4":{"loc":{"start":{"line":122,"column":16},"end":{"line":126,"column":13}},"type":"cond-expr","locations":[{"start":{"line":123,"column":14},"end":{"line":123,"column":34}},{"start":{"line":125,"column":14},"end":{"line":125,"column":36}}],"line":122},"5":{"loc":{"start":{"line":129,"column":13},"end":{"line":135,"column":13}},"type":"cond-expr","locations":[{"start":{"line":130,"column":14},"end":{"line":130,"column":55}},{"start":{"line":131,"column":16},"end":{"line":135,"column":13}}],"line":129},"6":{"loc":{"start":{"line":131,"column":16},"end":{"line":135,"column":13}},"type":"cond-expr","locations":[{"start":{"line":132,"column":14},"end":{"line":132,"column":59}},{"start":{"line":134,"column":14},"end":{"line":134,"column":80}}],"line":131},"7":{"loc":{"start":{"line":139,"column":9},"end":{"line":280,"column":9}},"type":"cond-expr","locations":[{"start":{"line":140,"column":10},"end":{"line":160,"column":17}},{"start":{"line":161,"column":12},"end":{"line":280,"column":9}}],"line":139},"8":{"loc":{"start":{"line":161,"column":12},"end":{"line":280,"column":9}},"type":"cond-expr","locations":[{"start":{"line":162,"column":10},"end":{"line":257,"column":17}},{"start":{"line":259,"column":10},"end":{"line":279,"column":17}}],"line":161}},"s":{"0":8,"1":8,"2":8,"3":8,"4":8,"5":8,"6":4,"7":4,"8":4,"9":4,"10":3,"11":0,"12":3,"13":3,"14":1,"15":4,"16":4,"17":4,"18":4,"19":4,"20":8,"21":1,"22":8,"23":1,"24":1,"25":1,"26":8,"27":16},"f":{"0":8,"1":4,"2":4,"3":4,"4":4,"5":1,"6":1,"7":1,"8":16},"b":{"0":[0,3],"1":[4,4],"2":[3,1],"3":[4,4],"4":[3,1],"5":[4,4],"6":[3,1],"7":[4,4],"8":[3,1]},"_coverageSchema":"1a1c01bbd47fc00a2c39e90264f33305004495a9","hash":"ad538f52207c57fe28eedf78aa23718d1cbfbac5"}
,"C:\\Users\\ACER\\Documents\\Coding\\PPL\\Project-Testing\\Frontend\\app\\form\\page.jsx": {"path":"C:\\Users\\ACER\\Documents\\Coding\\PPL\\Project-Testing\\Frontend\\app\\form\\page.jsx","statementMap":{"0":{"start":{"line":41,"column":19},"end":{"line":53,"column":2}},"1":{"start":{"line":56,"column":17},"end":{"line":56,"column":28}},"2":{"start":{"line":57,"column":42},"end":{"line":57,"column":57}},"3":{"start":{"line":60,"column":15},"end":{"line":65,"column":4}},"4":{"start":{"line":126,"column":4},"end":{"line":126,"column":26}},"5":{"start":{"line":127,"column":4},"end":{"line":127,"column":48}},"6":{"start":{"line":128,"column":4},"end":{"line":166,"column":5}},"7":{"start":{"line":129,"column":23},"end":{"line":139,"column":8}},"8":{"start":{"line":141,"column":6},"end":{"line":141,"column":57}},"9":{"start":{"line":143,"column":6},"end":{"line":147,"column":7}},"10":{"start":{"line":144,"column":26},"end":{"line":144,"column":47}},"11":{"start":{"line":145,"column":8},"end":{"line":145,"column":59}},"12":{"start":{"line":146,"column":8},"end":{"line":146,"column":66}},"13":{"start":{"line":149,"column":19},"end":{"line":149,"column":40}},"14":{"start":{"line":150,"column":6},"end":{"line":150,"column":49}},"15":{"start":{"line":152,"column":6},"end":{"line":155,"column":9}},"16":{"start":{"line":157,"column":6},"end":{"line":157,"column":64}},"17":{"start":{"line":159,"column":6},"end":{"line":159,"column":49}},"18":{"start":{"line":160,"column":6},"end":{"line":163,"column":9}},"19":{"start":{"line":165,"column":6},"end":{"line":165,"column":29}},"20":{"start":{"line":169,"column":2},"end":{"line":312,"column":4}},"21":{"start":{"line":197,"column":20},"end":{"line":227,"column":31}},"22":{"start":{"line":235,"column":20},"end":{"line":263,"column":31}},"23":{"start":{"line":249,"column":30},"end":{"line":253,"column":32}}},"fnMap":{"0":{"name":"TaxForm","decl":{"start":{"line":55,"column":24},"end":{"line":55,"column":31}},"loc":{"start":{"line":55,"column":34},"end":{"line":313,"column":1}},"line":55},"1":{"name":"onSubmit","decl":{"start":{"line":125,"column":17},"end":{"line":125,"column":25}},"loc":{"start":{"line":125,"column":34},"end":{"line":167,"column":3}},"line":125},"2":{"name":"(anonymous_2)","decl":{"start":{"line":196,"column":26},"end":{"line":196,"column":27}},"loc":{"start":{"line":197,"column":20},"end":{"line":227,"column":31}},"line":197},"3":{"name":"(anonymous_3)","decl":{"start":{"line":234,"column":26},"end":{"line":234,"column":27}},"loc":{"start":{"line":235,"column":20},"end":{"line":263,"column":31}},"line":235},"4":{"name":"(anonymous_4)","decl":{"start":{"line":248,"column":38},"end":{"line":248,"column":39}},"loc":{"start":{"line":248,"column":45},"end":{"line":254,"column":29}},"line":248}},"branchMap":{"0":{"loc":{"start":{"line":143,"column":6},"end":{"line":147,"column":7}},"type":"if","locations":[{"start":{"line":143,"column":6},"end":{"line":147,"column":7}},{"start":{},"end":{}}],"line":143},"1":{"loc":{"start":{"line":146,"column":24},"end":{"line":146,"column":64}},"type":"binary-expr","locations":[{"start":{"line":146,"column":24},"end":{"line":146,"column":39}},{"start":{"line":146,"column":43},"end":{"line":146,"column":64}}],"line":146},"2":{"loc":{"start":{"line":250,"column":32},"end":{"line":252,"column":50}},"type":"cond-expr","locations":[{"start":{"line":251,"column":36},"end":{"line":251,"column":45}},{"start":{"line":252,"column":36},"end":{"line":252,"column":50}}],"line":250},"3":{"loc":{"start":{"line":286,"column":21},"end":{"line":296,"column":21}},"type":"cond-expr","locations":[{"start":{"line":287,"column":22},"end":{"line":290,"column":25}},{"start":{"line":292,"column":22},"end":{"line":295,"column":25}}],"line":286}},"s":{"0":1,"1":5,"2":5,"3":5,"4":0,"5":0,"6":0,"7":0,"8":0,"9":0,"10":0,"11":0,"12":0,"13":0,"14":0,"15":0,"16":0,"17":0,"18":0,"19":0,"20":5,"21":6,"22":6,"23":0},"f":{"0":5,"1":0,"2":6,"3":6,"4":0},"b":{"0":[0,0],"1":[0,0],"2":[0,0],"3":[0,5]},"_coverageSchema":"1a1c01bbd47fc00a2c39e90264f33305004495a9","hash":"2b9c37e0ab0d159baa12c82be8e3bc95068029b6"}
,"C:\\Users\\ACER\\Documents\\Coding\\PPL\\Project-Testing\\Frontend\\components\\ui\\alert.jsx": {"path":"C:\\Users\\ACER\\Documents\\Coding\\PPL\\Project-Testing\\Frontend\\components\\ui\\alert.jsx","statementMap":{"0":{"start":{"line":6,"column":22},"end":{"line":20,"column":1}},"1":{"start":{"line":22,"column":14},"end":{"line":24,"column":2}},"2":{"start":{"line":23,"column":2},"end":{"line":23,"column":97}},"3":{"start":{"line":25,"column":0},"end":{"line":25,"column":27}},"4":{"start":{"line":27,"column":19},"end":{"line":29,"column":2}},"5":{"start":{"line":28,"column":2},"end":{"line":28,"column":103}},"6":{"start":{"line":30,"column":0},"end":{"line":30,"column":37}},"7":{"start":{"line":32,"column":25},"end":{"line":34,"column":2}},"8":{"start":{"line":33,"column":2},"end":{"line":33,"column":89}},"9":{"start":{"line":35,"column":0},"end":{"line":35,"column":49}}},"fnMap":{"0":{"name":"(anonymous_0)","decl":{"start":{"line":22,"column":31},"end":{"line":22,"column":32}},"loc":{"start":{"line":23,"column":2},"end":{"line":23,"column":97}},"line":23},"1":{"name":"(anonymous_1)","decl":{"start":{"line":27,"column":36},"end":{"line":27,"column":37}},"loc":{"start":{"line":28,"column":2},"end":{"line":28,"column":103}},"line":28},"2":{"name":"(anonymous_2)","decl":{"start":{"line":32,"column":42},"end":{"line":32,"column":43}},"loc":{"start":{"line":33,"column":2},"end":{"line":33,"column":89}},"line":33}},"branchMap":{},"s":{"0":1,"1":1,"2":5,"3":1,"4":1,"5":5,"6":1,"7":1,"8":5,"9":1},"f":{"0":5,"1":5,"2":5},"b":{},"_coverageSchema":"1a1c01bbd47fc00a2c39e90264f33305004495a9","hash":"a9b4d071cfb6ca9f4c5f192e5a5da2bc2d12a6fd"}
,"C:\\Users\\ACER\\Documents\\Coding\\PPL\\Project-Testing\\Frontend\\components\\ui\\badge.jsx": {"path":"C:\\Users\\ACER\\Documents\\Coding\\PPL\\Project-Testing\\Frontend\\components\\ui\\badge.jsx","statementMap":{"0":{"start":{"line":7,"column":22},"end":{"line":27,"column":1}},"1":{"start":{"line":30,"column":2},"end":{"line":32,"column":4}}},"fnMap":{"0":{"name":"Badge","decl":{"start":{"line":29,"column":9},"end":{"line":29,"column":14}},"loc":{"start":{"line":29,"column":49},"end":{"line":33,"column":1}},"line":29}},"branchMap":{},"s":{"0":1,"1":6},"f":{"0":6},"b":{},"_coverageSchema":"1a1c01bbd47fc00a2c39e90264f33305004495a9","hash":"05941d48dfbac0e0381bc3b26a81677feba21d04"}
,"C:\\Users\\ACER\\Documents\\Coding\\PPL\\Project-Testing\\Frontend\\components\\ui\\button.jsx": {"path":"C:\\Users\\ACER\\Documents\\Coding\\PPL\\Project-Testing\\Frontend\\components\\ui\\button.jsx","statementMap":{"0":{"start":{"line":7,"column":23},"end":{"line":34,"column":1}},"1":{"start":{"line":36,"column":15},"end":{"line":47,"column":1}},"2":{"start":{"line":38,"column":17},"end":{"line":38,"column":42}},"3":{"start":{"line":39,"column":4},"end":{"line":45,"column":6}},"4":{"start":{"line":48,"column":0},"end":{"line":48,"column":30}}},"fnMap":{"0":{"name":"(anonymous_0)","decl":{"start":{"line":37,"column":2},"end":{"line":37,"column":3}},"loc":{"start":{"line":37,"column":68},"end":{"line":46,"column":3}},"line":37}},"branchMap":{"0":{"loc":{"start":{"line":37,"column":31},"end":{"line":37,"column":46}},"type":"default-arg","locations":[{"start":{"line":37,"column":41},"end":{"line":37,"column":46}}],"line":37},"1":{"loc":{"start":{"line":38,"column":17},"end":{"line":38,"column":42}},"type":"cond-expr","locations":[{"start":{"line":38,"column":27},"end":{"line":38,"column":31}},{"start":{"line":38,"column":34},"end":{"line":38,"column":42}}],"line":38}},"s":{"0":2,"1":2,"2":17,"3":17,"4":2},"f":{"0":17},"b":{"0":[12],"1":[5,12]},"_coverageSchema":"1a1c01bbd47fc00a2c39e90264f33305004495a9","hash":"a17c26178d337cb2caaa7d6d2eeedcd7df2f65b9"}
,"C:\\Users\\ACER\\Documents\\Coding\\PPL\\Project-Testing\\Frontend\\components\\ui\\card.jsx": {"path":"C:\\Users\\ACER\\Documents\\Coding\\PPL\\Project-Testing\\Frontend\\components\\ui\\card.jsx","statementMap":{"0":{"start":{"line":5,"column":13},"end":{"line":7,"column":2}},"1":{"start":{"line":6,"column":2},"end":{"line":6,"column":116}},"2":{"start":{"line":8,"column":0},"end":{"line":8,"column":25}},"3":{"start":{"line":10,"column":19},"end":{"line":12,"column":2}},"4":{"start":{"line":11,"column":2},"end":{"line":11,"column":89}},"5":{"start":{"line":13,"column":0},"end":{"line":13,"column":37}},"6":{"start":{"line":15,"column":18},"end":{"line":17,"column":2}},"7":{"start":{"line":16,"column":2},"end":{"line":16,"column":109}},"8":{"start":{"line":18,"column":0},"end":{"line":18,"column":35}},"9":{"start":{"line":20,"column":24},"end":{"line":22,"column":2}},"10":{"start":{"line":21,"column":2},"end":{"line":21,"column":87}},"11":{"start":{"line":23,"column":0},"end":{"line":23,"column":47}},"12":{"start":{"line":25,"column":20},"end":{"line":27,"column":2}},"13":{"start":{"line":26,"column":2},"end":{"line":26,"column":68}},"14":{"start":{"line":28,"column":0},"end":{"line":28,"column":39}},"15":{"start":{"line":30,"column":19},"end":{"line":32,"column":2}},"16":{"start":{"line":31,"column":2},"end":{"line":31,"column":86}},"17":{"start":{"line":33,"column":0},"end":{"line":33,"column":37}}},"fnMap":{"0":{"name":"(anonymous_0)","decl":{"start":{"line":5,"column":30},"end":{"line":5,"column":31}},"loc":{"start":{"line":6,"column":2},"end":{"line":6,"column":116}},"line":6},"1":{"name":"(anonymous_1)","decl":{"start":{"line":10,"column":36},"end":{"line":10,"column":37}},"loc":{"start":{"line":11,"column":2},"end":{"line":11,"column":89}},"line":11},"2":{"name":"(anonymous_2)","decl":{"start":{"line":15,"column":35},"end":{"line":15,"column":36}},"loc":{"start":{"line":16,"column":2},"end":{"line":16,"column":109}},"line":16},"3":{"name":"(anonymous_3)","decl":{"start":{"line":20,"column":41},"end":{"line":20,"column":42}},"loc":{"start":{"line":21,"column":2},"end":{"line":21,"column":87}},"line":21},"4":{"name":"(anonymous_4)","decl":{"start":{"line":25,"column":37},"end":{"line":25,"column":38}},"loc":{"start":{"line":26,"column":2},"end":{"line":26,"column":68}},"line":26},"5":{"name":"(anonymous_5)","decl":{"start":{"line":30,"column":36},"end":{"line":30,"column":37}},"loc":{"start":{"line":31,"column":2},"end":{"line":31,"column":86}},"line":31}},"branchMap":{},"s":{"0":2,"1":13,"2":2,"3":2,"4":13,"5":2,"6":2,"7":9,"8":2,"9":2,"10":9,"11":2,"12":2,"13":13,"14":2,"15":2,"16":8,"17":2},"f":{"0":13,"1":13,"2":9,"3":9,"4":13,"5":8},"b":{},"_coverageSchema":"1a1c01bbd47fc00a2c39e90264f33305004495a9","hash":"e37091860f7136537ce4137036f5107797b887a1"}
,"C:\\Users\\ACER\\Documents\\Coding\\PPL\\Project-Testing\\Frontend\\components\\ui\\form.jsx": {"path":"C:\\Users\\ACER\\Documents\\Coding\\PPL\\Project-Testing\\Frontend\\components\\ui\\form.jsx","statementMap":{"0":{"start":{"line":10,"column":13},"end":{"line":10,"column":25}},"1":{"start":{"line":12,"column":25},"end":{"line":12,"column":48}},"2":{"start":{"line":14,"column":18},"end":{"line":20,"column":1}},"3":{"start":{"line":15,"column":2},"end":{"line":19,"column":3}},"4":{"start":{"line":22,"column":21},"end":{"line":43,"column":1}},"5":{"start":{"line":23,"column":23},"end":{"line":23,"column":57}},"6":{"start":{"line":24,"column":22},"end":{"line":24,"column":55}},"7":{"start":{"line":25,"column":39},"end":{"line":25,"column":55}},"8":{"start":{"line":27,"column":21},"end":{"line":27,"column":64}},"9":{"start":{"line":29,"column":2},"end":{"line":31,"column":3}},"10":{"start":{"line":30,"column":4},"end":{"line":30,"column":69}},"11":{"start":{"line":33,"column":17},"end":{"line":33,"column":28}},"12":{"start":{"line":35,"column":2},"end":{"line":42,"column":3}},"13":{"start":{"line":45,"column":24},"end":{"line":45,"column":47}},"14":{"start":{"line":47,"column":17},"end":{"line":55,"column":2}},"15":{"start":{"line":48,"column":13},"end":{"line":48,"column":26}},"16":{"start":{"line":50,"column":2},"end":{"line":54,"column":3}},"17":{"start":{"line":56,"column":0},"end":{"line":56,"column":33}},"18":{"start":{"line":58,"column":18},"end":{"line":62,"column":2}},"19":{"start":{"line":59,"column":32},"end":{"line":59,"column":46}},"20":{"start":{"line":61,"column":2},"end":{"line":61,"column":115}},"21":{"start":{"line":63,"column":0},"end":{"line":63,"column":35}},"22":{"start":{"line":65,"column":20},"end":{"line":77,"column":2}},"23":{"start":{"line":66,"column":66},"end":{"line":66,"column":80}},"24":{"start":{"line":68,"column":2},"end":{"line":76,"column":3}},"25":{"start":{"line":78,"column":0},"end":{"line":78,"column":39}},"26":{"start":{"line":80,"column":24},"end":{"line":84,"column":2}},"27":{"start":{"line":81,"column":32},"end":{"line":81,"column":46}},"28":{"start":{"line":83,"column":2},"end":{"line":83,"column":117}},"29":{"start":{"line":85,"column":0},"end":{"line":85,"column":47}},"30":{"start":{"line":87,"column":20},"end":{"line":100,"column":2}},"31":{"start":{"line":88,"column":35},"end":{"line":88,"column":49}},"32":{"start":{"line":89,"column":15},"end":{"line":89,"column":56}},"33":{"start":{"line":91,"column":2},"end":{"line":93,"column":3}},"34":{"start":{"line":92,"column":4},"end":{"line":92,"column":15}},"35":{"start":{"line":95,"column":2},"end":{"line":99,"column":3}},"36":{"start":{"line":101,"column":0},"end":{"line":101,"column":39}}},"fnMap":{"0":{"name":"(anonymous_0)","decl":{"start":{"line":14,"column":18},"end":{"line":14,"column":19}},"loc":{"start":{"line":14,"column":36},"end":{"line":20,"column":1}},"line":14},"1":{"name":"(anonymous_1)","decl":{"start":{"line":22,"column":21},"end":{"line":22,"column":22}},"loc":{"start":{"line":22,"column":27},"end":{"line":43,"column":1}},"line":22},"2":{"name":"(anonymous_2)","decl":{"start":{"line":47,"column":34},"end":{"line":47,"column":35}},"loc":{"start":{"line":47,"column":68},"end":{"line":55,"column":1}},"line":47},"3":{"name":"(anonymous_3)","decl":{"start":{"line":58,"column":35},"end":{"line":58,"column":36}},"loc":{"start":{"line":58,"column":69},"end":{"line":62,"column":1}},"line":58},"4":{"name":"(anonymous_4)","decl":{"start":{"line":65,"column":37},"end":{"line":65,"column":38}},"loc":{"start":{"line":65,"column":60},"end":{"line":77,"column":1}},"line":65},"5":{"name":"(anonymous_5)","decl":{"start":{"line":80,"column":41},"end":{"line":80,"column":42}},"loc":{"start":{"line":80,"column":75},"end":{"line":84,"column":1}},"line":80},"6":{"name":"(anonymous_6)","decl":{"start":{"line":87,"column":37},"end":{"line":87,"column":38}},"loc":{"start":{"line":87,"column":81},"end":{"line":100,"column":1}},"line":87}},"branchMap":{"0":{"loc":{"start":{"line":29,"column":2},"end":{"line":31,"column":3}},"type":"if","locations":[{"start":{"line":29,"column":2},"end":{"line":31,"column":3}},{"start":{},"end":{}}],"line":29},"1":{"loc":{"start":{"line":61,"column":40},"end":{"line":61,"column":67}},"type":"binary-expr","locations":[{"start":{"line":61,"column":40},"end":{"line":61,"column":45}},{"start":{"line":61,"column":49},"end":{"line":61,"column":67}}],"line":61},"2":{"loc":{"start":{"line":72,"column":24},"end":{"line":72,"column":97}},"type":"cond-expr","locations":[{"start":{"line":72,"column":33},"end":{"line":72,"column":55}},{"start":{"line":72,"column":58},"end":{"line":72,"column":97}}],"line":72},"3":{"loc":{"start":{"line":89,"column":15},"end":{"line":89,"column":56}},"type":"cond-expr","locations":[{"start":{"line":89,"column":23},"end":{"line":89,"column":45}},{"start":{"line":89,"column":48},"end":{"line":89,"column":56}}],"line":89},"4":{"loc":{"start":{"line":91,"column":2},"end":{"line":93,"column":3}},"type":"if","locations":[{"start":{"line":91,"column":2},"end":{"line":93,"column":3}},{"start":{},"end":{}}],"line":91}},"s":{"0":1,"1":1,"2":1,"3":10,"4":1,"5":40,"6":40,"7":40,"8":40,"9":40,"10":0,"11":40,"12":40,"13":1,"14":1,"15":10,"16":10,"17":1,"18":1,"19":10,"20":10,"21":1,"22":1,"23":10,"24":10,"25":1,"26":1,"27":10,"28":10,"29":1,"30":1,"31":10,"32":10,"33":10,"34":8,"35":2,"36":1},"f":{"0":10,"1":40,"2":10,"3":10,"4":10,"5":10,"6":10},"b":{"0":[0,40],"1":[10,2],"2":[8,2],"3":[2,8],"4":[8,2]},"_coverageSchema":"1a1c01bbd47fc00a2c39e90264f33305004495a9","hash":"03a984fdb2d6a6835e06023e3305ca05c1a5ab12"}
,"C:\\Users\\ACER\\Documents\\Coding\\PPL\\Project-Testing\\Frontend\\components\\ui\\input.jsx": {"path":"C:\\Users\\ACER\\Documents\\Coding\\PPL\\Project-Testing\\Frontend\\components\\ui\\input.jsx","statementMap":{"0":{"start":{"line":5,"column":14},"end":{"line":17,"column":2}},"1":{"start":{"line":6,"column":2},"end":{"line":16,"column":3}},"2":{"start":{"line":18,"column":0},"end":{"line":18,"column":27}}},"fnMap":{"0":{"name":"(anonymous_0)","decl":{"start":{"line":5,"column":31},"end":{"line":5,"column":32}},"loc":{"start":{"line":5,"column":71},"end":{"line":17,"column":1}},"line":5}},"branchMap":{},"s":{"0":1,"1":5,"2":1},"f":{"0":5},"b":{},"_coverageSchema":"1a1c01bbd47fc00a2c39e90264f33305004495a9","hash":"84ccfb95aee3290394a8f91edaca1d91498e3908"}
,"C:\\Users\\ACER\\Documents\\Coding\\PPL\\Project-Testing\\Frontend\\components\\ui\\label.jsx": {"path":"C:\\Users\\ACER\\Documents\\Coding\\PPL\\Project-Testing\\Frontend\\components\\ui\\label.jsx","statementMap":{"0":{"start":{"line":9,"column":22},"end":{"line":9,"column":119}},"1":{"start":{"line":11,"column":14},"end":{"line":13,"column":2}},"2":{"start":{"line":12,"column":2},"end":{"line":12,"column":89}},"3":{"start":{"line":14,"column":0},"end":{"line":14,"column":51}}},"fnMap":{"0":{"name":"(anonymous_0)","decl":{"start":{"line":11,"column":31},"end":{"line":11,"column":32}},"loc":{"start":{"line":12,"column":2},"end":{"line":12,"column":89}},"line":12}},"branchMap":{},"s":{"0":1,"1":1,"2":10,"3":1},"f":{"0":10},"b":{},"_coverageSchema":"1a1c01bbd47fc00a2c39e90264f33305004495a9","hash":"057ae81a41d55c8caffc5ca4ceaee788747abced"}
,"C:\\Users\\ACER\\Documents\\Coding\\PPL\\Project-Testing\\Frontend\\components\\ui\\select.jsx": {"path":"C:\\Users\\ACER\\Documents\\Coding\\PPL\\Project-Testing\\Frontend\\components\\ui\\select.jsx","statementMap":{"0":{"start":{"line":9,"column":15},"end":{"line":9,"column":35}},"1":{"start":{"line":11,"column":20},"end":{"line":11,"column":41}},"2":{"start":{"line":13,"column":20},"end":{"line":13,"column":41}},"3":{"start":{"line":15,"column":22},"end":{"line":29,"column":2}},"4":{"start":{"line":16,"column":2},"end":{"line":28,"column":28}},"5":{"start":{"line":30,"column":0},"end":{"line":30,"column":63}},"6":{"start":{"line":32,"column":29},"end":{"line":40,"column":2}},"7":{"start":{"line":33,"column":2},"end":{"line":39,"column":35}},"8":{"start":{"line":41,"column":0},"end":{"line":41,"column":77}},"9":{"start":{"line":43,"column":31},"end":{"line":51,"column":2}},"10":{"start":{"line":44,"column":2},"end":{"line":50,"column":37}},"11":{"start":{"line":52,"column":0},"end":{"line":52,"column":81}},"12":{"start":{"line":54,"column":22},"end":{"line":80,"column":2}},"13":{"start":{"line":55,"column":2},"end":{"line":79,"column":27}},"14":{"start":{"line":81,"column":0},"end":{"line":81,"column":63}},"15":{"start":{"line":83,"column":20},"end":{"line":85,"column":2}},"16":{"start":{"line":84,"column":2},"end":{"line":84,"column":116}},"17":{"start":{"line":86,"column":0},"end":{"line":86,"column":59}},"18":{"start":{"line":88,"column":19},"end":{"line":105,"column":2}},"19":{"start":{"line":89,"column":2},"end":{"line":104,"column":25}},"20":{"start":{"line":106,"column":0},"end":{"line":106,"column":57}},"21":{"start":{"line":108,"column":24},"end":{"line":110,"column":2}},"22":{"start":{"line":109,"column":2},"end":{"line":109,"column":106}},"23":{"start":{"line":111,"column":0},"end":{"line":111,"column":67}}},"fnMap":{"0":{"name":"(anonymous_0)","decl":{"start":{"line":15,"column":39},"end":{"line":15,"column":40}},"loc":{"start":{"line":16,"column":2},"end":{"line":28,"column":28}},"line":16},"1":{"name":"(anonymous_1)","decl":{"start":{"line":32,"column":46},"end":{"line":32,"column":47}},"loc":{"start":{"line":33,"column":2},"end":{"line":39,"column":35}},"line":33},"2":{"name":"(anonymous_2)","decl":{"start":{"line":43,"column":48},"end":{"line":43,"column":49}},"loc":{"start":{"line":44,"column":2},"end":{"line":50,"column":37}},"line":44},"3":{"name":"(anonymous_3)","decl":{"start":{"line":54,"column":39},"end":{"line":54,"column":40}},"loc":{"start":{"line":55,"column":2},"end":{"line":79,"column":27}},"line":55},"4":{"name":"(anonymous_4)","decl":{"start":{"line":83,"column":37},"end":{"line":83,"column":38}},"loc":{"start":{"line":84,"column":2},"end":{"line":84,"column":116}},"line":84},"5":{"name":"(anonymous_5)","decl":{"start":{"line":88,"column":36},"end":{"line":88,"column":37}},"loc":{"start":{"line":89,"column":2},"end":{"line":104,"column":25}},"line":89},"6":{"name":"(anonymous_6)","decl":{"start":{"line":108,"column":41},"end":{"line":108,"column":42}},"loc":{"start":{"line":109,"column":2},"end":{"line":109,"column":106}},"line":109}},"branchMap":{"0":{"loc":{"start":{"line":54,"column":63},"end":{"line":54,"column":82}},"type":"default-arg","locations":[{"start":{"line":54,"column":74},"end":{"line":54,"column":82}}],"line":54},"1":{"loc":{"start":{"line":60,"column":8},"end":{"line":61,"column":139}},"type":"binary-expr","locations":[{"start":{"line":60,"column":8},"end":{"line":60,"column":29}},{"start":{"line":61,"column":10},"end":{"line":61,"column":139}}],"line":60},"2":{"loc":{"start":{"line":71,"column":10},"end":{"line":72,"column":101}},"type":"binary-expr","locations":[{"start":{"line":71,"column":10},"end":{"line":71,"column":31}},{"start":{"line":72,"column":12},"end":{"line":72,"column":101}}],"line":71}},"s":{"0":1,"1":1,"2":1,"3":1,"4":5,"5":1,"6":1,"7":3,"8":1,"9":1,"10":3,"11":1,"12":1,"13":5,"14":1,"15":1,"16":0,"17":1,"18":1,"19":12,"20":1,"21":1,"22":0,"23":1},"f":{"0":5,"1":3,"2":3,"3":5,"4":0,"5":12,"6":0},"b":{"0":[5],"1":[5,5],"2":[5,5]},"_coverageSchema":"1a1c01bbd47fc00a2c39e90264f33305004495a9","hash":"880bf43d3a09cb8c7e9d4bfd3bcbf6351da76292"}
,"C:\\Users\\ACER\\Documents\\Coding\\PPL\\Project-Testing\\Frontend\\components\\ui\\skeleton.jsx": {"path":"C:\\Users\\ACER\\Documents\\Coding\\PPL\\Project-Testing\\Frontend\\components\\ui\\skeleton.jsx","statementMap":{"0":{"start":{"line":6,"column":2},"end":{"line":11,"column":4}}},"fnMap":{"0":{"name":"Skeleton","decl":{"start":{"line":5,"column":9},"end":{"line":5,"column":17}},"loc":{"start":{"line":5,"column":43},"end":{"line":12,"column":1}},"line":5}},"branchMap":{},"s":{"0":56},"f":{"0":56},"b":{},"_coverageSchema":"1a1c01bbd47fc00a2c39e90264f33305004495a9","hash":"5cf1918433b9bcc46c27a2fd626fbc26d566d3a4"}
,"C:\\Users\\ACER\\Documents\\Coding\\PPL\\Project-Testing\\Frontend\\lib\\utils.js": {"path":"C:\\Users\\ACER\\Documents\\Coding\\PPL\\Project-Testing\\Frontend\\lib\\utils.js","statementMap":{"0":{"start":{"line":5,"column":2},"end":{"line":5,"column":31}},"1":{"start":{"line":9,"column":2},"end":{"line":14,"column":20}}},"fnMap":{"0":{"name":"cn","decl":{"start":{"line":4,"column":16},"end":{"line":4,"column":18}},"loc":{"start":{"line":4,"column":30},"end":{"line":6,"column":1}},"line":4},"1":{"name":"formatCurrency","decl":{"start":{"line":8,"column":16},"end":{"line":8,"column":30}},"loc":{"start":{"line":8,"column":39},"end":{"line":15,"column":1}},"line":8}},"branchMap":{},"s":{"0":239,"1":3},"f":{"0":239,"1":3},"b":{},"_coverageSchema":"1a1c01bbd47fc00a2c39e90264f33305004495a9","hash":"d9a032587d80cbfa5bc65927415f78523064d53e"}
}
