TN:
SF:app\confirmation\page.jsx
FN:27,ConfirmationPage
FN:61,(anonymous_1)
FN:62,(anonymous_2)
FN:88,(anonymous_3)
FN:92,(anonymous_4)
FN:95,(anonymous_5)
FN:99,(anonymous_6)
FN:103,(anonymous_7)
FN:149,(anonymous_8)
FNF:9
FNH:9
FNDA:8,ConfirmationPage
FNDA:4,(anonymous_1)
FNDA:4,(anonymous_2)
FNDA:4,(anonymous_3)
FNDA:4,(anonymous_4)
FNDA:1,(anonymous_5)
FNDA:1,(anonymous_6)
FNDA:1,(anonymous_7)
FNDA:16,(anonymous_8)
DA:28,8
DA:29,8
DA:30,8
DA:32,8
DA:33,8
DA:61,8
DA:62,4
DA:63,4
DA:64,4
DA:66,4
DA:70,3
DA:71,0
DA:74,3
DA:75,3
DA:78,1
DA:83,4
DA:88,4
DA:89,4
DA:92,4
DA:95,8
DA:96,1
DA:99,8
DA:100,1
DA:103,1
DA:104,1
DA:108,8
DA:150,16
LF:27
LH:26
BRDA:70,0,0,0
BRDA:70,0,1,3
BRDA:112,1,0,4
BRDA:112,1,1,4
BRDA:114,2,0,3
BRDA:114,2,1,1
BRDA:120,3,0,4
BRDA:120,3,1,4
BRDA:122,4,0,3
BRDA:122,4,1,1
BRDA:129,5,0,4
BRDA:129,5,1,4
BRDA:131,6,0,3
BRDA:131,6,1,1
BRDA:139,7,0,4
BRDA:139,7,1,4
BRDA:161,8,0,3
BRDA:161,8,1,1
BRF:18
BRH:17
end_of_record
TN:
SF:app\form\page.jsx
FN:55,TaxForm
FN:125,onSubmit
FN:196,(anonymous_2)
FN:234,(anonymous_3)
FN:248,(anonymous_4)
FNF:5
FNH:3
FNDA:5,TaxForm
FNDA:0,onSubmit
FNDA:6,(anonymous_2)
FNDA:6,(anonymous_3)
FNDA:0,(anonymous_4)
DA:41,1
DA:56,5
DA:57,5
DA:60,5
DA:126,0
DA:127,0
DA:128,0
DA:129,0
DA:141,0
DA:143,0
DA:144,0
DA:145,0
DA:146,0
DA:149,0
DA:150,0
DA:152,0
DA:157,0
DA:159,0
DA:160,0
DA:165,0
DA:169,5
DA:197,6
DA:235,6
DA:249,0
LF:24
LH:7
BRDA:143,0,0,0
BRDA:143,0,1,0
BRDA:146,1,0,0
BRDA:146,1,1,0
BRDA:250,2,0,0
BRDA:250,2,1,0
BRDA:286,3,0,0
BRDA:286,3,1,5
BRF:8
BRH:1
end_of_record
TN:
SF:components\ui\alert.jsx
FN:22,(anonymous_0)
FN:27,(anonymous_1)
FN:32,(anonymous_2)
FNF:3
FNH:3
FNDA:5,(anonymous_0)
FNDA:5,(anonymous_1)
FNDA:5,(anonymous_2)
DA:6,1
DA:22,1
DA:23,5
DA:25,1
DA:27,1
DA:28,5
DA:30,1
DA:32,1
DA:33,5
DA:35,1
LF:10
LH:10
BRF:0
BRH:0
end_of_record
TN:
SF:components\ui\badge.jsx
FN:29,Badge
FNF:1
FNH:1
FNDA:6,Badge
DA:7,1
DA:30,6
LF:2
LH:2
BRF:0
BRH:0
end_of_record
TN:
SF:components\ui\button.jsx
FN:37,(anonymous_0)
FNF:1
FNH:1
FNDA:17,(anonymous_0)
DA:7,2
DA:36,2
DA:38,17
DA:39,17
DA:48,2
LF:5
LH:5
BRDA:37,0,0,12
BRDA:38,1,0,5
BRDA:38,1,1,12
BRF:3
BRH:3
end_of_record
TN:
SF:components\ui\card.jsx
FN:5,(anonymous_0)
FN:10,(anonymous_1)
FN:15,(anonymous_2)
FN:20,(anonymous_3)
FN:25,(anonymous_4)
FN:30,(anonymous_5)
FNF:6
FNH:6
FNDA:13,(anonymous_0)
FNDA:13,(anonymous_1)
FNDA:9,(anonymous_2)
FNDA:9,(anonymous_3)
FNDA:13,(anonymous_4)
FNDA:8,(anonymous_5)
DA:5,2
DA:6,13
DA:8,2
DA:10,2
DA:11,13
DA:13,2
DA:15,2
DA:16,9
DA:18,2
DA:20,2
DA:21,9
DA:23,2
DA:25,2
DA:26,13
DA:28,2
DA:30,2
DA:31,8
DA:33,2
LF:18
LH:18
BRF:0
BRH:0
end_of_record
TN:
SF:components\ui\form.jsx
FN:14,(anonymous_0)
FN:22,(anonymous_1)
FN:47,(anonymous_2)
FN:58,(anonymous_3)
FN:65,(anonymous_4)
FN:80,(anonymous_5)
FN:87,(anonymous_6)
FNF:7
FNH:7
FNDA:10,(anonymous_0)
FNDA:40,(anonymous_1)
FNDA:10,(anonymous_2)
FNDA:10,(anonymous_3)
FNDA:10,(anonymous_4)
FNDA:10,(anonymous_5)
FNDA:10,(anonymous_6)
DA:10,1
DA:12,1
DA:14,1
DA:15,10
DA:22,1
DA:23,40
DA:24,40
DA:25,40
DA:27,40
DA:29,40
DA:30,0
DA:33,40
DA:35,40
DA:45,1
DA:47,1
DA:48,10
DA:50,10
DA:56,1
DA:58,1
DA:59,10
DA:61,10
DA:63,1
DA:65,1
DA:66,10
DA:68,10
DA:78,1
DA:80,1
DA:81,10
DA:83,10
DA:85,1
DA:87,1
DA:88,10
DA:89,10
DA:91,10
DA:92,8
DA:95,2
DA:101,1
LF:37
LH:36
BRDA:29,0,0,0
BRDA:29,0,1,40
BRDA:61,1,0,10
BRDA:61,1,1,2
BRDA:72,2,0,8
BRDA:72,2,1,2
BRDA:89,3,0,2
BRDA:89,3,1,8
BRDA:91,4,0,8
BRDA:91,4,1,2
BRF:10
BRH:9
end_of_record
TN:
SF:components\ui\input.jsx
FN:5,(anonymous_0)
FNF:1
FNH:1
FNDA:5,(anonymous_0)
DA:5,1
DA:6,5
DA:18,1
LF:3
LH:3
BRF:0
BRH:0
end_of_record
TN:
SF:components\ui\label.jsx
FN:11,(anonymous_0)
FNF:1
FNH:1
FNDA:10,(anonymous_0)
DA:9,1
DA:11,1
DA:12,10
DA:14,1
LF:4
LH:4
BRF:0
BRH:0
end_of_record
TN:
SF:components\ui\select.jsx
FN:15,(anonymous_0)
FN:32,(anonymous_1)
FN:43,(anonymous_2)
FN:54,(anonymous_3)
FN:83,(anonymous_4)
FN:88,(anonymous_5)
FN:108,(anonymous_6)
FNF:7
FNH:5
FNDA:5,(anonymous_0)
FNDA:3,(anonymous_1)
FNDA:3,(anonymous_2)
FNDA:5,(anonymous_3)
FNDA:0,(anonymous_4)
FNDA:12,(anonymous_5)
FNDA:0,(anonymous_6)
DA:9,1
DA:11,1
DA:13,1
DA:15,1
DA:16,5
DA:30,1
DA:32,1
DA:33,3
DA:41,1
DA:43,1
DA:44,3
DA:52,1
DA:54,1
DA:55,5
DA:81,1
DA:83,1
DA:84,0
DA:86,1
DA:88,1
DA:89,12
DA:106,1
DA:108,1
DA:109,0
DA:111,1
LF:24
LH:22
BRDA:54,0,0,5
BRDA:60,1,0,5
BRDA:60,1,1,5
BRDA:71,2,0,5
BRDA:71,2,1,5
BRF:5
BRH:5
end_of_record
TN:
SF:components\ui\skeleton.jsx
FN:5,Skeleton
FNF:1
FNH:1
FNDA:56,Skeleton
DA:6,56
LF:1
LH:1
BRF:0
BRH:0
end_of_record
TN:
SF:lib\utils.js
FN:4,cn
FN:8,formatCurrency
FNF:2
FNH:2
FNDA:239,cn
FNDA:3,formatCurrency
DA:5,239
DA:9,3
LF:2
LH:2
BRF:0
BRH:0
end_of_record
