{"D:\\Users\\LENOVO\\source\\repos\\PPL\\Project-Testing\\Backend\\models\\taxModels.js": {"path":"D:\\Users\\LENOVO\\source\\repos\\PPL\\Project-Testing\\Backend\\models\\taxModels.js","statementMap":{"0":{"start":{"line":1,"column":17},"end":{"line":1,"column":36}},"1":{"start":{"line":3,"column":18},"end":{"line":8,"column":2}},"2":{"start":{"line":10,"column":0},"end":{"line":10,"column":54}}},"fnMap":{},"branchMap":{},"s":{"0":1,"1":1,"2":1},"f":{},"b":{},"_coverageSchema":"1a1c01bbd47fc00a2c39e90264f33305004495a9","hash":"e870bc24e168feac2c6ec2e38f662caeedbdca67"}
,"D:\\Users\\LENOVO\\source\\repos\\PPL\\Project-Testing\\Backend\\routes\\taxRoutes.js": {"path":"D:\\Users\\LENOVO\\source\\repos\\PPL\\Project-Testing\\Backend\\routes\\taxRoutes.js","statementMap":{"0":{"start":{"line":1,"column":16},"end":{"line":1,"column":34}},"1":{"start":{"line":2,"column":15},"end":{"line":2,"column":31}},"2":{"start":{"line":3,"column":16},"end":{"line":3,"column":46}},"3":{"start":{"line":6,"column":0},"end":{"line":39,"column":3}},"4":{"start":{"line":7,"column":33},"end":{"line":7,"column":41}},"5":{"start":{"line":8,"column":19},"end":{"line":8,"column":26}},"6":{"start":{"line":9,"column":2},"end":{"line":9,"column":24}},"7":{"start":{"line":10,"column":2},"end":{"line":12,"column":3}},"8":{"start":{"line":11,"column":4},"end":{"line":11,"column":79}},"9":{"start":{"line":14,"column":15},"end":{"line":14,"column":39}},"10":{"start":{"line":16,"column":2},"end":{"line":38,"column":3}},"11":{"start":{"line":18,"column":18},"end":{"line":23,"column":6}},"12":{"start":{"line":25,"column":21},"end":{"line":25,"column":30}},"13":{"start":{"line":26,"column":29},"end":{"line":26,"column":53}},"14":{"start":{"line":28,"column":20},"end":{"line":33,"column":6}},"15":{"start":{"line":35,"column":4},"end":{"line":35,"column":34}},"16":{"start":{"line":37,"column":4},"end":{"line":37,"column":65}},"17":{"start":{"line":42,"column":0},"end":{"line":54,"column":3}},"18":{"start":{"line":43,"column":18},"end":{"line":43,"column":28}},"19":{"start":{"line":45,"column":2},"end":{"line":53,"column":3}},"20":{"start":{"line":46,"column":20},"end":{"line":46,"column":68}},"21":{"start":{"line":47,"column":4},"end":{"line":49,"column":5}},"22":{"start":{"line":48,"column":6},"end":{"line":48,"column":69}},"23":{"start":{"line":50,"column":4},"end":{"line":50,"column":22}},"24":{"start":{"line":52,"column":4},"end":{"line":52,"column":64}},"25":{"start":{"line":56,"column":0},"end":{"line":56,"column":24}}},"fnMap":{"0":{"name":"(anonymous_0)","decl":{"start":{"line":6,"column":17},"end":{"line":6,"column":18}},"loc":{"start":{"line":6,"column":37},"end":{"line":39,"column":1}},"line":6},"1":{"name":"(anonymous_1)","decl":{"start":{"line":42,"column":20},"end":{"line":42,"column":21}},"loc":{"start":{"line":42,"column":40},"end":{"line":54,"column":1}},"line":42}},"branchMap":{"0":{"loc":{"start":{"line":10,"column":2},"end":{"line":12,"column":3}},"type":"if","locations":[{"start":{"line":10,"column":2},"end":{"line":12,"column":3}},{"start":{},"end":{}}],"line":10},"1":{"loc":{"start":{"line":10,"column":6},"end":{"line":10,"column":47}},"type":"binary-expr","locations":[{"start":{"line":10,"column":6},"end":{"line":10,"column":15}},{"start":{"line":10,"column":19},"end":{"line":10,"column":29}},{"start":{"line":10,"column":33},"end":{"line":10,"column":47}}],"line":10},"2":{"loc":{"start":{"line":47,"column":4},"end":{"line":49,"column":5}},"type":"if","locations":[{"start":{"line":47,"column":4},"end":{"line":49,"column":5}},{"start":{},"end":{}}],"line":47}},"s":{"0":1,"1":1,"2":1,"3":1,"4":3,"5":3,"6":3,"7":3,"8":2,"9":1,"10":1,"11":1,"12":1,"13":1,"14":1,"15":1,"16":0,"17":1,"18":2,"19":2,"20":2,"21":2,"22":1,"23":1,"24":0,"25":1},"f":{"0":3,"1":2},"b":{"0":[2,1],"1":[3,3,2],"2":[1,1]},"_coverageSchema":"1a1c01bbd47fc00a2c39e90264f33305004495a9","hash":"5c0e81293cd06aa7990357b39dcde7dddac12119"}
}
