TN:
SF:models\taxModels.js
FNF:0
FNH:0
DA:1,1
DA:3,1
DA:10,1
LF:3
LH:3
BRF:0
BRH:0
end_of_record
TN:
SF:routes\taxRoutes.js
FN:6,(anonymous_0)
FN:42,(anonymous_1)
FNF:2
FNH:2
FNDA:3,(anonymous_0)
FNDA:2,(anonymous_1)
DA:1,1
DA:2,1
DA:3,1
DA:6,1
DA:7,3
DA:8,3
DA:9,3
DA:10,3
DA:11,2
DA:14,1
DA:16,1
DA:18,1
DA:25,1
DA:26,1
DA:28,1
DA:35,1
DA:37,0
DA:42,1
DA:43,2
DA:45,2
DA:46,2
DA:47,2
DA:48,1
DA:50,1
DA:52,0
DA:56,1
LF:26
LH:24
BRDA:10,0,0,2
BRDA:10,0,1,1
BRDA:10,1,0,3
BRDA:10,1,1,3
BRDA:10,1,2,2
BRDA:47,2,0,1
BRDA:47,2,1,1
BRF:7
BRH:7
end_of_record
